[36m[2024-09-15 23:48:30 DEBUG] [__init__:101][39m ###############################################################################
[36m[2024-09-15 23:48:30 DEBUG] [__init__:102][39m Running command 'run'
[36m[2024-09-15 23:48:30 DEBUG] [__init__:106][39m Using settings file 'C:\Users\Lucca\.chaostoolkit\settings.yaml'
[36m[2024-09-15 23:48:32 DEBUG] [settings:31][39m The Chaos Toolkit settings file could not be found at 'C:\Users\Lucca\.chaostoolkit\settings.yaml'.
[36m[2024-09-15 23:48:32 DEBUG] [__init__:472][39m No controls to apply on 'loader'
[36m[2024-09-15 23:48:32 DEBUG] [__init__:472][39m No controls to apply on 'loader'
[36m[2024-09-15 23:48:32 DEBUG] [caching:24][39m Building activity cache...
[36m[2024-09-15 23:48:32 DEBUG] [caching:35][39m Cached 3 activities
[32m[2024-09-15 23:48:32 INFO] [experiment:59][39m Validating the experiment's syntax
[36m[2024-09-15 23:48:32 DEBUG] [configuration:64][39m Loading configuration...
[36m[2024-09-15 23:48:32 DEBUG] [secret:79][39m Loading secrets...
[36m[2024-09-15 23:48:32 DEBUG] [secret:104][39m Done loading secrets
[36m[2024-09-15 23:48:32 DEBUG] [caching:42][39m Clearing activities cache
[31m[2024-09-15 23:48:32 ERROR] [run:188][39m unknown provider type 'processes'
[36m[2024-09-15 23:48:32 DEBUG] [run:189][39m unknown provider type 'processes'
[36m[2024-09-15 23:53:11 DEBUG] [__init__:101][39m ###############################################################################
[36m[2024-09-15 23:53:11 DEBUG] [__init__:102][39m Running command 'run'
[36m[2024-09-15 23:53:11 DEBUG] [__init__:106][39m Using settings file 'C:\Users\Lucca\.chaostoolkit\settings.yaml'
[36m[2024-09-15 23:53:12 DEBUG] [settings:31][39m The Chaos Toolkit settings file could not be found at 'C:\Users\Lucca\.chaostoolkit\settings.yaml'.
[36m[2024-09-15 23:53:12 DEBUG] [__init__:472][39m No controls to apply on 'loader'
[36m[2024-09-15 23:53:12 DEBUG] [__init__:472][39m No controls to apply on 'loader'
[36m[2024-09-15 23:53:12 DEBUG] [caching:24][39m Building activity cache...
[36m[2024-09-15 23:53:12 DEBUG] [caching:35][39m Cached 3 activities
[32m[2024-09-15 23:53:12 INFO] [experiment:59][39m Validating the experiment's syntax
[36m[2024-09-15 23:53:12 DEBUG] [configuration:64][39m Loading configuration...
[36m[2024-09-15 23:53:12 DEBUG] [secret:79][39m Loading secrets...
[36m[2024-09-15 23:53:12 DEBUG] [secret:104][39m Done loading secrets
[36m[2024-09-15 23:53:12 DEBUG] [caching:42][39m Clearing activities cache
[31m[2024-09-15 23:53:12 ERROR] [run:188][39m unknown provider type 'command'
[36m[2024-09-15 23:53:12 DEBUG] [run:189][39m unknown provider type 'command'
[36m[2024-09-15 23:53:33 DEBUG] [__init__:101][39m ###############################################################################
[36m[2024-09-15 23:53:33 DEBUG] [__init__:102][39m Running command 'run'
[36m[2024-09-15 23:53:33 DEBUG] [__init__:106][39m Using settings file 'C:\Users\Lucca\.chaostoolkit\settings.yaml'
[36m[2024-09-15 23:53:35 DEBUG] [settings:31][39m The Chaos Toolkit settings file could not be found at 'C:\Users\Lucca\.chaostoolkit\settings.yaml'.
[36m[2024-09-15 23:53:35 DEBUG] [__init__:472][39m No controls to apply on 'loader'
[36m[2024-09-15 23:53:35 DEBUG] [__init__:472][39m No controls to apply on 'loader'
[36m[2024-09-15 23:53:35 DEBUG] [caching:24][39m Building activity cache...
[36m[2024-09-15 23:53:35 DEBUG] [caching:35][39m Cached 3 activities
[32m[2024-09-15 23:53:35 INFO] [experiment:59][39m Validating the experiment's syntax
[36m[2024-09-15 23:53:35 DEBUG] [configuration:64][39m Loading configuration...
[36m[2024-09-15 23:53:35 DEBUG] [secret:79][39m Loading secrets...
[36m[2024-09-15 23:53:35 DEBUG] [secret:104][39m Done loading secrets
[36m[2024-09-15 23:53:35 DEBUG] [caching:42][39m Clearing activities cache
[31m[2024-09-15 23:53:35 ERROR] [run:188][39m unknown provider type 'command'
[36m[2024-09-15 23:53:35 DEBUG] [run:189][39m unknown provider type 'command'
[36m[2024-09-15 23:58:50 DEBUG] [__init__:101][39m ###############################################################################
[36m[2024-09-15 23:58:50 DEBUG] [__init__:102][39m Running command 'run'
[36m[2024-09-15 23:58:50 DEBUG] [__init__:106][39m Using settings file 'C:\Users\Lucca\.chaostoolkit\settings.yaml'
[36m[2024-09-15 23:58:52 DEBUG] [settings:31][39m The Chaos Toolkit settings file could not be found at 'C:\Users\Lucca\.chaostoolkit\settings.yaml'.
[36m[2024-09-15 23:58:52 DEBUG] [__init__:472][39m No controls to apply on 'loader'
[36m[2024-09-15 23:58:52 DEBUG] [__init__:472][39m No controls to apply on 'loader'
[36m[2024-09-15 23:58:52 DEBUG] [caching:24][39m Building activity cache...
[36m[2024-09-15 23:58:52 DEBUG] [caching:35][39m Cached 3 activities
[32m[2024-09-15 23:58:52 INFO] [experiment:59][39m Validating the experiment's syntax
[36m[2024-09-15 23:58:52 DEBUG] [configuration:64][39m Loading configuration...
[36m[2024-09-15 23:58:52 DEBUG] [secret:79][39m Loading secrets...
[36m[2024-09-15 23:58:52 DEBUG] [secret:104][39m Done loading secrets
[36m[2024-09-15 23:58:52 DEBUG] [caching:42][39m Clearing activities cache
[31m[2024-09-15 23:58:52 ERROR] [run:188][39m unknown provider type 'command'
[36m[2024-09-15 23:58:52 DEBUG] [run:189][39m unknown provider type 'command'
